{"contracts/common/DelegateProxy.sol":{"l":{"10":25,"11":25,"26":25,"27":25,"28":25},"path":"/app/contracts/common/DelegateProxy.sol","s":{"1":25,"2":25},"b":{"1":[25,0]},"f":{"1":25,"2":25},"fnMap":{"1":{"name":"delegatedFwd","line":9,"loc":{"start":{"line":9,"column":4},"end":{"line":9,"column":63}}},"2":{"name":"isContract","line":25,"loc":{"start":{"line":25,"column":4},"end":{"line":25,"column":71}}}},"statementMap":{"1":{"start":{"line":10,"column":8},"end":{"line":10,"column":32}},"2":{"start":{"line":28,"column":8},"end":{"line":28,"column":23}}},"branchMap":{"1":{"line":10,"type":"if","locations":[{"start":{"line":10,"column":8},"end":{"line":10,"column":8}},{"start":{"line":10,"column":8},"end":{"line":10,"column":8}}]}}},"contracts/common/Initializable.sol":{"l":{"7":12,"8":12,"14":6,"21":1,"25":6},"path":"/app/contracts/common/Initializable.sol","s":{"1":12,"2":6,"3":1,"4":6},"b":{"1":[12,0]},"f":{"1":12,"2":6,"3":1,"4":6},"fnMap":{"1":{"name":"onlyInit","line":6,"loc":{"start":{"line":6,"column":4},"end":{"line":6,"column":19}}},"2":{"name":"initialized","line":13,"loc":{"start":{"line":13,"column":4},"end":{"line":13,"column":42}}},"3":{"name":"getInitializationBlock","line":20,"loc":{"start":{"line":20,"column":4},"end":{"line":20,"column":69}}},"4":{"name":"getBlockNumber","line":24,"loc":{"start":{"line":24,"column":4},"end":{"line":24,"column":63}}}},"statementMap":{"1":{"start":{"line":7,"column":8},"end":{"line":7,"column":40}},"2":{"start":{"line":14,"column":8},"end":{"line":14,"column":45}},"3":{"start":{"line":21,"column":8},"end":{"line":21,"column":34}},"4":{"start":{"line":25,"column":8},"end":{"line":25,"column":27}}},"branchMap":{"1":{"line":7,"type":"if","locations":[{"start":{"line":7,"column":8},"end":{"line":7,"column":8}},{"start":{"line":7,"column":8},"end":{"line":7,"column":8}}]}}},"contracts/nation/Nation.sol":{"l":{"69":10,"77":6,"78":6,"87":1,"103":3,"105":3,"106":3,"107":3,"108":3,"109":3,"127":1,"129":1,"130":1,"131":1,"132":1,"133":1,"134":1,"150":1,"152":1,"153":1,"154":1,"155":1,"168":6,"170":6,"172":6,"181":6,"183":6,"201":3,"202":3,"203":2,"205":1,"213":1,"228":3,"229":3,"230":2,"232":1,"239":1,"248":2,"249":1,"250":1},"path":"/app/contracts/nation/Nation.sol","s":{"1":10,"2":6,"3":6,"4":1,"5":3,"6":3,"7":3,"8":3,"9":3,"10":3,"11":1,"12":1,"13":1,"14":1,"15":1,"16":1,"17":1,"18":1,"19":1,"20":1,"21":1,"22":1,"23":6,"24":6,"25":6,"26":6,"27":3,"28":3,"29":2,"30":1,"31":1,"32":3,"33":3,"34":2,"35":1,"36":1,"37":2,"38":1,"39":1},"b":{"1":[6,0],"2":[3,0],"3":[2,1],"4":[1,1],"5":[3,0],"6":[2,1],"7":[1,1],"8":[1,1]},"f":{"1":10,"2":6,"3":1,"4":3,"5":1,"6":1,"7":6,"8":3,"9":3,"10":2},"fnMap":{"1":{"name":"Nation","line":68,"loc":{"start":{"line":68,"column":4},"end":{"line":68,"column":26}}},"2":{"name":"initialize","line":76,"loc":{"start":{"line":76,"column":4},"end":{"line":76,"column":53}}},"3":{"name":"getNationName","line":86,"loc":{"start":{"line":86,"column":4},"end":{"line":86,"column":73}}},"4":{"name":"getNationCore","line":95,"loc":{"start":{"line":95,"column":4},"end":{"line":101,"column":6}}},"5":{"name":"getNationPolicy","line":118,"loc":{"start":{"line":118,"column":4},"end":{"line":125,"column":7}}},"6":{"name":"getNationGovernance","line":143,"loc":{"start":{"line":143,"column":4},"end":{"line":148,"column":7}}},"7":{"name":"createNationCore","line":166,"loc":{"start":{"line":166,"column":4},"end":{"line":166,"column":118}}},"8":{"name":"SetNationPolicy","line":191,"loc":{"start":{"line":191,"column":4},"end":{"line":199,"column":14}}},"9":{"name":"SetNationGovernance","line":221,"loc":{"start":{"line":221,"column":4},"end":{"line":227,"column":14}}},"10":{"name":"upgradeNation","line":247,"loc":{"start":{"line":247,"column":4},"end":{"line":247,"column":53}}}},"statementMap":{"1":{"start":{"line":69,"column":8},"end":{"line":69,"column":28}},"2":{"start":{"line":77,"column":8},"end":{"line":77,"column":20}},"3":{"start":{"line":78,"column":8},"end":{"line":78,"column":21}},"4":{"start":{"line":87,"column":8},"end":{"line":87,"column":35}},"5":{"start":{"line":103,"column":8},"end":{"line":103,"column":66}},"6":{"start":{"line":105,"column":8},"end":{"line":105,"column":42}},"7":{"start":{"line":106,"column":8},"end":{"line":106,"column":56}},"8":{"start":{"line":107,"column":8},"end":{"line":107,"column":34}},"9":{"start":{"line":108,"column":8},"end":{"line":108,"column":48}},"10":{"start":{"line":109,"column":8},"end":{"line":109,"column":36}},"11":{"start":{"line":127,"column":8},"end":{"line":127,"column":72}},"12":{"start":{"line":129,"column":8},"end":{"line":129,"column":44}},"13":{"start":{"line":130,"column":8},"end":{"line":130,"column":52}},"14":{"start":{"line":131,"column":8},"end":{"line":131,"column":70}},"15":{"start":{"line":132,"column":8},"end":{"line":132,"column":54}},"16":{"start":{"line":133,"column":8},"end":{"line":133,"column":56}},"17":{"start":{"line":134,"column":8},"end":{"line":134,"column":36}},"18":{"start":{"line":150,"column":8},"end":{"line":150,"column":84}},"19":{"start":{"line":152,"column":8},"end":{"line":152,"column":70}},"20":{"start":{"line":153,"column":8},"end":{"line":153,"column":70}},"21":{"start":{"line":154,"column":8},"end":{"line":154,"column":62}},"22":{"start":{"line":155,"column":8},"end":{"line":155,"column":54}},"23":{"start":{"line":168,"column":8},"end":{"line":168,"column":45}},"24":{"start":{"line":172,"column":8},"end":{"line":172,"column":5652}},"25":{"start":{"line":181,"column":8},"end":{"line":181,"column":42}},"26":{"start":{"line":183,"column":8},"end":{"line":183,"column":61}},"27":{"start":{"line":201,"column":8},"end":{"line":201,"column":29}},"28":{"start":{"line":202,"column":8},"end":{"line":202,"column":57}},"29":{"start":{"line":203,"column":8},"end":{"line":203,"column":66}},"30":{"start":{"line":205,"column":8},"end":{"line":205,"column":6641}},"31":{"start":{"line":213,"column":8},"end":{"line":213,"column":55}},"32":{"start":{"line":228,"column":8},"end":{"line":228,"column":29}},"33":{"start":{"line":229,"column":8},"end":{"line":229,"column":57}},"34":{"start":{"line":230,"column":8},"end":{"line":230,"column":66}},"35":{"start":{"line":232,"column":8},"end":{"line":232,"column":7574}},"36":{"start":{"line":239,"column":8},"end":{"line":239,"column":59}},"37":{"start":{"line":248,"column":8},"end":{"line":248,"column":35}},"38":{"start":{"line":249,"column":8},"end":{"line":249,"column":30}},"39":{"start":{"line":250,"column":8},"end":{"line":250,"column":32}}},"branchMap":{"1":{"line":168,"type":"if","locations":[{"start":{"line":168,"column":8},"end":{"line":168,"column":8}},{"start":{"line":168,"column":8},"end":{"line":168,"column":8}}]},"2":{"line":201,"type":"if","locations":[{"start":{"line":201,"column":8},"end":{"line":201,"column":8}},{"start":{"line":201,"column":8},"end":{"line":201,"column":8}}]},"3":{"line":202,"type":"if","locations":[{"start":{"line":202,"column":8},"end":{"line":202,"column":8}},{"start":{"line":202,"column":8},"end":{"line":202,"column":8}}]},"4":{"line":203,"type":"if","locations":[{"start":{"line":203,"column":8},"end":{"line":203,"column":8}},{"start":{"line":203,"column":8},"end":{"line":203,"column":8}}]},"5":{"line":228,"type":"if","locations":[{"start":{"line":228,"column":8},"end":{"line":228,"column":8}},{"start":{"line":228,"column":8},"end":{"line":228,"column":8}}]},"6":{"line":229,"type":"if","locations":[{"start":{"line":229,"column":8},"end":{"line":229,"column":8}},{"start":{"line":229,"column":8},"end":{"line":229,"column":8}}]},"7":{"line":230,"type":"if","locations":[{"start":{"line":230,"column":8},"end":{"line":230,"column":8}},{"start":{"line":230,"column":8},"end":{"line":230,"column":8}}]},"8":{"line":248,"type":"if","locations":[{"start":{"line":248,"column":8},"end":{"line":248,"column":8}},{"start":{"line":248,"column":8},"end":{"line":248,"column":8}}]}}},"contracts/nation/NationProxy.sol":{"l":{"17":7,"22":25},"path":"/app/contracts/nation/NationProxy.sol","s":{"1":7,"2":25},"b":{},"f":{"1":7,"2":25},"fnMap":{"1":{"name":"NationProxy","line":16,"loc":{"start":{"line":16,"column":4},"end":{"line":16,"column":50}}},"2":{"name":null,"line":21,"loc":{"start":{"line":21,"column":4},"end":{"line":21,"column":28}}}},"statementMap":{"1":{"start":{"line":17,"column":8},"end":{"line":17,"column":31}},"2":{"start":{"line":22,"column":8},"end":{"line":22,"column":41}}},"branchMap":{}},"contracts/nation/NationStorage.sol":{"l":{},"path":"/app/contracts/nation/NationStorage.sol","s":{},"b":{},"f":{},"fnMap":{},"statementMap":{},"branchMap":{}},"contracts/nation/UpgradedNation.sol":{"l":{"12":1},"path":"/app/contracts/nation/UpgradedNation.sol","s":{"1":1},"b":{},"f":{"1":1},"fnMap":{"1":{"name":"isUpgraded","line":11,"loc":{"start":{"line":11,"column":4},"end":{"line":11,"column":50}}}},"statementMap":{"1":{"start":{"line":12,"column":8},"end":{"line":12,"column":19}}},"branchMap":{}},"contracts/token/NationStandardToken.sol":{"l":{"31":4},"path":"/app/contracts/token/NationStandardToken.sol","s":{"1":4,"2":4,"3":4,"4":4,"5":4,"6":4},"b":{},"f":{"1":4},"fnMap":{"1":{"name":"NationStandardToken","line":21,"loc":{"start":{"line":21,"column":4},"end":{"line":27,"column":14}}}},"statementMap":{"1":{"start":{"line":28,"column":8},"end":{"line":28,"column":44}},"2":{"start":{"line":29,"column":8},"end":{"line":29,"column":35}},"3":{"start":{"line":30,"column":8},"end":{"line":30,"column":24}},"4":{"start":{"line":31,"column":8},"end":{"line":31,"column":27}},"5":{"start":{"line":32,"column":8},"end":{"line":32,"column":31}},"6":{"start":{"line":33,"column":8},"end":{"line":33,"column":28}}},"branchMap":{}},"contracts/token/StandardToken.sol":{"l":{"14":5,"15":5,"16":5,"17":5,"18":5,"24":1,"25":1,"26":1,"27":1,"28":1,"29":1,"31":1,"32":1,"36":12,"40":1,"41":1,"42":1,"46":1},"path":"/app/contracts/token/StandardToken.sol","s":{"1":5,"2":5,"3":5,"4":5,"5":5,"6":1,"7":1,"8":1,"9":1,"10":1,"11":1,"12":1,"13":1,"14":12,"15":1,"16":1,"17":1,"18":1},"b":{"1":[5,0],"2":[1,0],"3":[1,0]},"f":{"1":5,"2":1,"3":12,"4":1,"5":1},"fnMap":{"1":{"name":"transfer","line":9,"loc":{"start":{"line":9,"column":4},"end":{"line":9,"column":78}}},"2":{"name":"transferFrom","line":21,"loc":{"start":{"line":21,"column":4},"end":{"line":21,"column":97}}},"3":{"name":"balanceOf","line":35,"loc":{"start":{"line":35,"column":4},"end":{"line":35,"column":74}}},"4":{"name":"approve","line":39,"loc":{"start":{"line":39,"column":4},"end":{"line":39,"column":82}}},"5":{"name":"allowance","line":45,"loc":{"start":{"line":45,"column":4},"end":{"line":45,"column":94}}}},"statementMap":{"1":{"start":{"line":14,"column":8},"end":{"line":14,"column":46}},"2":{"start":{"line":15,"column":8},"end":{"line":15,"column":37}},"3":{"start":{"line":16,"column":8},"end":{"line":16,"column":30}},"4":{"start":{"line":17,"column":8},"end":{"line":17,"column":40}},"5":{"start":{"line":18,"column":8},"end":{"line":18,"column":19}},"6":{"start":{"line":24,"column":8},"end":{"line":24,"column":53}},"7":{"start":{"line":25,"column":8},"end":{"line":25,"column":64}},"8":{"start":{"line":26,"column":8},"end":{"line":26,"column":30}},"9":{"start":{"line":27,"column":8},"end":{"line":27,"column":32}},"10":{"start":{"line":28,"column":8},"end":{"line":28,"column":1292}},"11":{"start":{"line":29,"column":12},"end":{"line":29,"column":47}},"12":{"start":{"line":31,"column":8},"end":{"line":31,"column":35}},"13":{"start":{"line":32,"column":8},"end":{"line":32,"column":19}},"14":{"start":{"line":36,"column":8},"end":{"line":36,"column":31}},"15":{"start":{"line":40,"column":8},"end":{"line":40,"column":45}},"16":{"start":{"line":41,"column":8},"end":{"line":41,"column":45}},"17":{"start":{"line":42,"column":8},"end":{"line":42,"column":19}},"18":{"start":{"line":46,"column":8},"end":{"line":46,"column":40}}},"branchMap":{"1":{"line":14,"type":"if","locations":[{"start":{"line":14,"column":8},"end":{"line":14,"column":8}},{"start":{"line":14,"column":8},"end":{"line":14,"column":8}}]},"2":{"line":25,"type":"if","locations":[{"start":{"line":25,"column":8},"end":{"line":25,"column":8}},{"start":{"line":25,"column":8},"end":{"line":25,"column":8}}]},"3":{"line":28,"type":"if","locations":[{"start":{"line":28,"column":8},"end":{"line":28,"column":8}},{"start":{"line":28,"column":8},"end":{"line":28,"column":8}}]}}},"contracts/token/Token.sol":{"l":{},"path":"/app/contracts/token/Token.sol","s":{},"b":{},"f":{},"fnMap":{},"statementMap":{},"branchMap":{}},"contracts/token/TokenRegistry.sol":{"l":{"13":4,"14":4,"16":4,"17":4,"22":2},"path":"/app/contracts/token/TokenRegistry.sol","s":{"1":4,"2":4,"3":4,"4":2},"b":{},"f":{"1":4,"2":2},"fnMap":{"1":{"name":"createStandardToken","line":11,"loc":{"start":{"line":11,"column":4},"end":{"line":11,"column":142}}},"2":{"name":"getTokensForNation","line":21,"loc":{"start":{"line":21,"column":4},"end":{"line":21,"column":81}}}},"statementMap":{"1":{"start":{"line":13,"column":8},"end":{"line":13,"column":117}},"2":{"start":{"line":16,"column":8},"end":{"line":16,"column":56}},"3":{"start":{"line":17,"column":8},"end":{"line":17,"column":32}},"4":{"start":{"line":22,"column":8},"end":{"line":22,"column":32}}},"branchMap":{}}}