{"contracts/common/DelegateProxy.sol":{"l":{"10":34,"11":34,"26":34,"27":34,"28":34},"path":"/Users/WilliamHuang/Developer/Job-Development/BitNation/nation-framework/contracts/common/DelegateProxy.sol","s":{"1":34,"2":34},"b":{"1":[34,0]},"f":{"1":34,"2":34},"fnMap":{"1":{"name":"delegatedFwd","line":9,"loc":{"start":{"line":9,"column":4},"end":{"line":9,"column":63}}},"2":{"name":"isContract","line":25,"loc":{"start":{"line":25,"column":4},"end":{"line":25,"column":71}}}},"statementMap":{"1":{"start":{"line":10,"column":8},"end":{"line":10,"column":32}},"2":{"start":{"line":28,"column":8},"end":{"line":28,"column":23}}},"branchMap":{"1":{"line":10,"type":"if","locations":[{"start":{"line":10,"column":8},"end":{"line":10,"column":8}},{"start":{"line":10,"column":8},"end":{"line":10,"column":8}}]}}},"contracts/common/Initializable.sol":{"l":{"7":12,"8":12,"14":6,"21":1,"25":6},"path":"/Users/WilliamHuang/Developer/Job-Development/BitNation/nation-framework/contracts/common/Initializable.sol","s":{"1":12,"2":6,"3":1,"4":6},"b":{"1":[12,0]},"f":{"1":12,"2":6,"3":1,"4":6},"fnMap":{"1":{"name":"onlyInit","line":6,"loc":{"start":{"line":6,"column":4},"end":{"line":6,"column":19}}},"2":{"name":"initialized","line":13,"loc":{"start":{"line":13,"column":4},"end":{"line":13,"column":42}}},"3":{"name":"getInitializationBlock","line":20,"loc":{"start":{"line":20,"column":4},"end":{"line":20,"column":69}}},"4":{"name":"getBlockNumber","line":24,"loc":{"start":{"line":24,"column":4},"end":{"line":24,"column":63}}}},"statementMap":{"1":{"start":{"line":7,"column":8},"end":{"line":7,"column":40}},"2":{"start":{"line":14,"column":8},"end":{"line":14,"column":45}},"3":{"start":{"line":21,"column":8},"end":{"line":21,"column":34}},"4":{"start":{"line":25,"column":8},"end":{"line":25,"column":27}}},"branchMap":{"1":{"line":7,"type":"if","locations":[{"start":{"line":7,"column":8},"end":{"line":7,"column":8}},{"start":{"line":7,"column":8},"end":{"line":7,"column":8}}]}}},"contracts/nation/Nation.sol":{"l":{"42":12,"50":6,"51":6,"59":2,"60":2,"61":2,"66":6,"68":6,"70":6,"72":6,"74":6,"84":4,"85":2,"86":2,"95":5,"96":5,"98":4,"100":3,"102":3,"103":3,"105":3,"114":3,"115":3,"117":3,"119":2,"121":2,"122":2,"124":2,"133":3,"141":3,"149":1},"path":"/Users/WilliamHuang/Developer/Job-Development/BitNation/nation-framework/contracts/nation/Nation.sol","s":{"1":12,"2":6,"3":6,"4":2,"5":2,"6":2,"7":6,"8":6,"9":6,"10":4,"11":2,"12":2,"13":5,"14":5,"15":4,"16":3,"17":3,"18":3,"19":3,"20":3,"21":3,"22":2,"23":2,"24":2,"25":3,"26":3,"27":1},"b":{"1":[2,0],"2":[6,0],"3":[2,2],"4":[5,0],"5":[4,1],"6":[3,1],"7":[3,0],"8":[3,0],"9":[3,0],"10":[2,1],"11":[2,0]},"f":{"1":12,"2":6,"3":2,"4":6,"5":4,"6":5,"7":3,"8":3,"9":3,"10":1},"fnMap":{"1":{"name":"Nation","line":41,"loc":{"start":{"line":41,"column":4},"end":{"line":41,"column":26}}},"2":{"name":"initialize","line":49,"loc":{"start":{"line":49,"column":4},"end":{"line":49,"column":53}}},"3":{"name":"changeOwner","line":58,"loc":{"start":{"line":58,"column":4},"end":{"line":58,"column":50}}},"4":{"name":"createNation","line":64,"loc":{"start":{"line":64,"column":4},"end":{"line":64,"column":50}}},"5":{"name":"upgradeNation","line":83,"loc":{"start":{"line":83,"column":4},"end":{"line":83,"column":53}}},"6":{"name":"joinNation","line":93,"loc":{"start":{"line":93,"column":4},"end":{"line":93,"column":44}}},"7":{"name":"leaveNation","line":112,"loc":{"start":{"line":112,"column":4},"end":{"line":112,"column":45}}},"8":{"name":"checkCitizen","line":132,"loc":{"start":{"line":132,"column":4},"end":{"line":132,"column":95}}},"9":{"name":"getNumCitizens","line":140,"loc":{"start":{"line":140,"column":4},"end":{"line":140,"column":72}}},"10":{"name":"getFoundedNations","line":148,"loc":{"start":{"line":148,"column":4},"end":{"line":148,"column":79}}}},"statementMap":{"1":{"start":{"line":42,"column":8},"end":{"line":42,"column":28}},"2":{"start":{"line":50,"column":8},"end":{"line":50,"column":20}},"3":{"start":{"line":51,"column":8},"end":{"line":51,"column":21}},"4":{"start":{"line":59,"column":8},"end":{"line":59,"column":35}},"5":{"start":{"line":60,"column":8},"end":{"line":60,"column":24}},"6":{"start":{"line":61,"column":8},"end":{"line":61,"column":30}},"7":{"start":{"line":66,"column":8},"end":{"line":66,"column":43}},"8":{"start":{"line":70,"column":8},"end":{"line":70,"column":45}},"9":{"start":{"line":74,"column":8},"end":{"line":74,"column":44}},"10":{"start":{"line":84,"column":8},"end":{"line":84,"column":35}},"11":{"start":{"line":85,"column":8},"end":{"line":85,"column":30}},"12":{"start":{"line":86,"column":8},"end":{"line":86,"column":32}},"13":{"start":{"line":95,"column":8},"end":{"line":95,"column":29}},"14":{"start":{"line":96,"column":8},"end":{"line":96,"column":59}},"15":{"start":{"line":98,"column":8},"end":{"line":98,"column":63}},"16":{"start":{"line":100,"column":8},"end":{"line":100,"column":81}},"17":{"start":{"line":102,"column":8},"end":{"line":102,"column":52}},"18":{"start":{"line":105,"column":8},"end":{"line":105,"column":43}},"19":{"start":{"line":114,"column":8},"end":{"line":114,"column":29}},"20":{"start":{"line":115,"column":8},"end":{"line":115,"column":59}},"21":{"start":{"line":117,"column":8},"end":{"line":117,"column":62}},"22":{"start":{"line":119,"column":8},"end":{"line":119,"column":81}},"23":{"start":{"line":121,"column":8},"end":{"line":121,"column":53}},"24":{"start":{"line":124,"column":8},"end":{"line":124,"column":41}},"25":{"start":{"line":133,"column":8},"end":{"line":133,"column":58}},"26":{"start":{"line":141,"column":8},"end":{"line":141,"column":44}},"27":{"start":{"line":149,"column":8},"end":{"line":149,"column":39}}},"branchMap":{"1":{"line":59,"type":"if","locations":[{"start":{"line":59,"column":8},"end":{"line":59,"column":8}},{"start":{"line":59,"column":8},"end":{"line":59,"column":8}}]},"2":{"line":66,"type":"if","locations":[{"start":{"line":66,"column":8},"end":{"line":66,"column":8}},{"start":{"line":66,"column":8},"end":{"line":66,"column":8}}]},"3":{"line":84,"type":"if","locations":[{"start":{"line":84,"column":8},"end":{"line":84,"column":8}},{"start":{"line":84,"column":8},"end":{"line":84,"column":8}}]},"4":{"line":95,"type":"if","locations":[{"start":{"line":95,"column":8},"end":{"line":95,"column":8}},{"start":{"line":95,"column":8},"end":{"line":95,"column":8}}]},"5":{"line":96,"type":"if","locations":[{"start":{"line":96,"column":8},"end":{"line":96,"column":8}},{"start":{"line":96,"column":8},"end":{"line":96,"column":8}}]},"6":{"line":98,"type":"if","locations":[{"start":{"line":98,"column":8},"end":{"line":98,"column":8}},{"start":{"line":98,"column":8},"end":{"line":98,"column":8}}]},"7":{"line":100,"type":"if","locations":[{"start":{"line":100,"column":8},"end":{"line":100,"column":8}},{"start":{"line":100,"column":8},"end":{"line":100,"column":8}}]},"8":{"line":114,"type":"if","locations":[{"start":{"line":114,"column":8},"end":{"line":114,"column":8}},{"start":{"line":114,"column":8},"end":{"line":114,"column":8}}]},"9":{"line":115,"type":"if","locations":[{"start":{"line":115,"column":8},"end":{"line":115,"column":8}},{"start":{"line":115,"column":8},"end":{"line":115,"column":8}}]},"10":{"line":117,"type":"if","locations":[{"start":{"line":117,"column":8},"end":{"line":117,"column":8}},{"start":{"line":117,"column":8},"end":{"line":117,"column":8}}]},"11":{"line":119,"type":"if","locations":[{"start":{"line":119,"column":8},"end":{"line":119,"column":8}},{"start":{"line":119,"column":8},"end":{"line":119,"column":8}}]}}},"contracts/nation/NationProxy.sol":{"l":{"17":7,"22":34},"path":"/Users/WilliamHuang/Developer/Job-Development/BitNation/nation-framework/contracts/nation/NationProxy.sol","s":{"1":7,"2":34},"b":{},"f":{"1":7,"2":34},"fnMap":{"1":{"name":"NationProxy","line":16,"loc":{"start":{"line":16,"column":4},"end":{"line":16,"column":50}}},"2":{"name":null,"line":21,"loc":{"start":{"line":21,"column":4},"end":{"line":21,"column":28}}}},"statementMap":{"1":{"start":{"line":17,"column":8},"end":{"line":17,"column":31}},"2":{"start":{"line":22,"column":8},"end":{"line":22,"column":41}}},"branchMap":{}},"contracts/nation/NationStorage.sol":{"l":{},"path":"/Users/WilliamHuang/Developer/Job-Development/BitNation/nation-framework/contracts/nation/NationStorage.sol","s":{},"b":{},"f":{},"fnMap":{},"statementMap":{},"branchMap":{}},"contracts/nation/UpgradedNation.sol":{"l":{"12":2},"path":"/Users/WilliamHuang/Developer/Job-Development/BitNation/nation-framework/contracts/nation/UpgradedNation.sol","s":{"1":2},"b":{},"f":{"1":2},"fnMap":{"1":{"name":"isUpgraded","line":11,"loc":{"start":{"line":11,"column":4},"end":{"line":11,"column":50}}}},"statementMap":{"1":{"start":{"line":12,"column":8},"end":{"line":12,"column":19}}},"branchMap":{}},"contracts/token/NationStandardToken.sol":{"l":{"31":5},"path":"/Users/WilliamHuang/Developer/Job-Development/BitNation/nation-framework/contracts/token/NationStandardToken.sol","s":{"1":5,"2":5,"3":5,"4":5,"5":5,"6":5},"b":{},"f":{"1":5},"fnMap":{"1":{"name":"NationStandardToken","line":21,"loc":{"start":{"line":21,"column":4},"end":{"line":27,"column":14}}}},"statementMap":{"1":{"start":{"line":28,"column":8},"end":{"line":28,"column":44}},"2":{"start":{"line":29,"column":8},"end":{"line":29,"column":35}},"3":{"start":{"line":30,"column":8},"end":{"line":30,"column":24}},"4":{"start":{"line":31,"column":8},"end":{"line":31,"column":27}},"5":{"start":{"line":32,"column":8},"end":{"line":32,"column":31}},"6":{"start":{"line":33,"column":8},"end":{"line":33,"column":28}}},"branchMap":{}},"contracts/token/StandardToken.sol":{"l":{"14":7,"15":6,"16":6,"17":6,"18":6,"24":2,"25":2,"26":1,"27":1,"28":1,"29":1,"31":1,"32":1,"36":13,"40":2,"41":2,"42":2,"46":2},"path":"/Users/WilliamHuang/Developer/Job-Development/BitNation/nation-framework/contracts/token/StandardToken.sol","s":{"1":7,"2":6,"3":6,"4":6,"5":6,"6":2,"7":2,"8":1,"9":1,"10":1,"11":1,"12":1,"13":1,"14":13,"15":2,"16":2,"17":2,"18":2},"b":{"1":[6,1],"2":[1,1],"3":[1,0]},"f":{"1":7,"2":2,"3":13,"4":2,"5":2},"fnMap":{"1":{"name":"transfer","line":9,"loc":{"start":{"line":9,"column":4},"end":{"line":9,"column":78}}},"2":{"name":"transferFrom","line":21,"loc":{"start":{"line":21,"column":4},"end":{"line":21,"column":97}}},"3":{"name":"balanceOf","line":35,"loc":{"start":{"line":35,"column":4},"end":{"line":35,"column":74}}},"4":{"name":"approve","line":39,"loc":{"start":{"line":39,"column":4},"end":{"line":39,"column":82}}},"5":{"name":"allowance","line":45,"loc":{"start":{"line":45,"column":4},"end":{"line":45,"column":94}}}},"statementMap":{"1":{"start":{"line":14,"column":8},"end":{"line":14,"column":46}},"2":{"start":{"line":15,"column":8},"end":{"line":15,"column":37}},"3":{"start":{"line":16,"column":8},"end":{"line":16,"column":30}},"4":{"start":{"line":17,"column":8},"end":{"line":17,"column":40}},"5":{"start":{"line":18,"column":8},"end":{"line":18,"column":19}},"6":{"start":{"line":24,"column":8},"end":{"line":24,"column":53}},"7":{"start":{"line":25,"column":8},"end":{"line":25,"column":64}},"8":{"start":{"line":26,"column":8},"end":{"line":26,"column":30}},"9":{"start":{"line":27,"column":8},"end":{"line":27,"column":32}},"10":{"start":{"line":28,"column":8},"end":{"line":28,"column":1292}},"11":{"start":{"line":29,"column":12},"end":{"line":29,"column":47}},"12":{"start":{"line":31,"column":8},"end":{"line":31,"column":35}},"13":{"start":{"line":32,"column":8},"end":{"line":32,"column":19}},"14":{"start":{"line":36,"column":8},"end":{"line":36,"column":31}},"15":{"start":{"line":40,"column":8},"end":{"line":40,"column":45}},"16":{"start":{"line":41,"column":8},"end":{"line":41,"column":45}},"17":{"start":{"line":42,"column":8},"end":{"line":42,"column":19}},"18":{"start":{"line":46,"column":8},"end":{"line":46,"column":40}}},"branchMap":{"1":{"line":14,"type":"if","locations":[{"start":{"line":14,"column":8},"end":{"line":14,"column":8}},{"start":{"line":14,"column":8},"end":{"line":14,"column":8}}]},"2":{"line":25,"type":"if","locations":[{"start":{"line":25,"column":8},"end":{"line":25,"column":8}},{"start":{"line":25,"column":8},"end":{"line":25,"column":8}}]},"3":{"line":28,"type":"if","locations":[{"start":{"line":28,"column":8},"end":{"line":28,"column":8}},{"start":{"line":28,"column":8},"end":{"line":28,"column":8}}]}}},"contracts/token/Token.sol":{"l":{},"path":"/Users/WilliamHuang/Developer/Job-Development/BitNation/nation-framework/contracts/token/Token.sol","s":{},"b":{},"f":{},"fnMap":{},"statementMap":{},"branchMap":{}},"contracts/token/TokenRegistry.sol":{"l":{"13":9,"15":5,"16":5,"18":5,"19":5,"24":3},"path":"/Users/WilliamHuang/Developer/Job-Development/BitNation/nation-framework/contracts/token/TokenRegistry.sol","s":{"1":9,"2":5,"3":5,"4":5,"5":3},"b":{"1":[5,4]},"f":{"1":9,"2":3},"fnMap":{"1":{"name":"createStandardToken","line":11,"loc":{"start":{"line":11,"column":4},"end":{"line":11,"column":142}}},"2":{"name":"getTokensForNation","line":23,"loc":{"start":{"line":23,"column":4},"end":{"line":23,"column":81}}}},"statementMap":{"1":{"start":{"line":13,"column":8},"end":{"line":13,"column":107}},"2":{"start":{"line":15,"column":8},"end":{"line":15,"column":117}},"3":{"start":{"line":18,"column":8},"end":{"line":18,"column":56}},"4":{"start":{"line":19,"column":8},"end":{"line":19,"column":32}},"5":{"start":{"line":24,"column":8},"end":{"line":24,"column":32}}},"branchMap":{"1":{"line":13,"type":"if","locations":[{"start":{"line":13,"column":8},"end":{"line":13,"column":8}},{"start":{"line":13,"column":8},"end":{"line":13,"column":8}}]}}}}